Current Time = 2021-07-14-16-45-53
Current Time = 2021-07-14-16-45-53
Current Time = 2021-07-14-16-45-53
Current Time = 2021-07-14-16-45-53
Found 3 GPUs for rendering. Using device 0.
Found 3 GPUs for rendering. Using device 0.
Found 3 GPUs for rendering. Using device 0.
Found 3 GPUs for rendering. Using device 0.
/home/abhimanyu8713/anaconda3/envs/manipulator_RL/lib/python3.6/site-packages/gym/logger.py:30: UserWarning: [33mWARN: Box bound precision lowered by casting to float32[0m
  warnings.warn(colorize('%s: %s'%('WARN', msg % args), 'yellow'))
/home/abhimanyu8713/anaconda3/envs/manipulator_RL/lib/python3.6/site-packages/gym/logger.py:30: UserWarning: [33mWARN: Box bound precision lowered by casting to float32[0m
  warnings.warn(colorize('%s: %s'%('WARN', msg % args), 'yellow'))
/home/abhimanyu8713/anaconda3/envs/manipulator_RL/lib/python3.6/site-packages/gym/logger.py:30: UserWarning: [33mWARN: Box bound precision lowered by casting to float32[0m
  warnings.warn(colorize('%s: %s'%('WARN', msg % args), 'yellow'))
/home/abhimanyu8713/anaconda3/envs/manipulator_RL/lib/python3.6/site-packages/gym/logger.py:30: UserWarning: [33mWARN: Box bound precision lowered by casting to float32[0m
  warnings.warn(colorize('%s: %s'%('WARN', msg % args), 'yellow'))
self env,:  <__main__.PickPlace_env object at 0x7f090985f320>
self env,:  <__main__.PickPlace_env object at 0x7f6cd41d4320>
self env,:  <__main__.PickPlace_env object at 0x7f393e8b7320>
self env,:  <__main__.PickPlace_env object at 0x7f5fc4c94320>
/home/abhimanyu8713/anaconda3/envs/manipulator_RL/lib/python3.6/site-packages/tensorflow/python/framework/dtypes.py:516: FutureWarning: Passing (type, 1) or '1type' as a synonym of type is deprecated; in a future version of numpy, it will be understood as (type, (1,)) / '(1,)type'.
  _np_qint8 = np.dtype([("qint8", np.int8, 1)])
/home/abhimanyu8713/anaconda3/envs/manipulator_RL/lib/python3.6/site-packages/tensorflow/python/framework/dtypes.py:517: FutureWarning: Passing (type, 1) or '1type' as a synonym of type is deprecated; in a future version of numpy, it will be understood as (type, (1,)) / '(1,)type'.
  _np_quint8 = np.dtype([("quint8", np.uint8, 1)])
/home/abhimanyu8713/anaconda3/envs/manipulator_RL/lib/python3.6/site-packages/tensorflow/python/framework/dtypes.py:518: FutureWarning: Passing (type, 1) or '1type' as a synonym of type is deprecated; in a future version of numpy, it will be understood as (type, (1,)) / '(1,)type'.
  _np_qint16 = np.dtype([("qint16", np.int16, 1)])
/home/abhimanyu8713/anaconda3/envs/manipulator_RL/lib/python3.6/site-packages/tensorflow/python/framework/dtypes.py:516: FutureWarning: Passing (type, 1) or '1type' as a synonym of type is deprecated; in a future version of numpy, it will be understood as (type, (1,)) / '(1,)type'.
  _np_qint8 = np.dtype([("qint8", np.int8, 1)])
/home/abhimanyu8713/anaconda3/envs/manipulator_RL/lib/python3.6/site-packages/tensorflow/python/framework/dtypes.py:517: FutureWarning: Passing (type, 1) or '1type' as a synonym of type is deprecated; in a future version of numpy, it will be understood as (type, (1,)) / '(1,)type'.
  _np_quint8 = np.dtype([("quint8", np.uint8, 1)])
/home/abhimanyu8713/anaconda3/envs/manipulator_RL/lib/python3.6/site-packages/tensorflow/python/framework/dtypes.py:518: FutureWarning: Passing (type, 1) or '1type' as a synonym of type is deprecated; in a future version of numpy, it will be understood as (type, (1,)) / '(1,)type'.
  _np_qint16 = np.dtype([("qint16", np.int16, 1)])
/home/abhimanyu8713/anaconda3/envs/manipulator_RL/lib/python3.6/site-packages/tensorflow/python/framework/dtypes.py:519: FutureWarning: Passing (type, 1) or '1type' as a synonym of type is deprecated; in a future version of numpy, it will be understood as (type, (1,)) / '(1,)type'.
  _np_quint16 = np.dtype([("quint16", np.uint16, 1)])
/home/abhimanyu8713/anaconda3/envs/manipulator_RL/lib/python3.6/site-packages/tensorflow/python/framework/dtypes.py:519: FutureWarning: Passing (type, 1) or '1type' as a synonym of type is deprecated; in a future version of numpy, it will be understood as (type, (1,)) / '(1,)type'.
  _np_quint16 = np.dtype([("quint16", np.uint16, 1)])
/home/abhimanyu8713/anaconda3/envs/manipulator_RL/lib/python3.6/site-packages/tensorflow/python/framework/dtypes.py:520: FutureWarning: Passing (type, 1) or '1type' as a synonym of type is deprecated; in a future version of numpy, it will be understood as (type, (1,)) / '(1,)type'.
  _np_qint32 = np.dtype([("qint32", np.int32, 1)])
/home/abhimanyu8713/anaconda3/envs/manipulator_RL/lib/python3.6/site-packages/tensorflow/python/framework/dtypes.py:520: FutureWarning: Passing (type, 1) or '1type' as a synonym of type is deprecated; in a future version of numpy, it will be understood as (type, (1,)) / '(1,)type'.
  _np_qint32 = np.dtype([("qint32", np.int32, 1)])
/home/abhimanyu8713/anaconda3/envs/manipulator_RL/lib/python3.6/site-packages/tensorflow/python/framework/dtypes.py:525: FutureWarning: Passing (type, 1) or '1type' as a synonym of type is deprecated; in a future version of numpy, it will be understood as (type, (1,)) / '(1,)type'.
  np_resource = np.dtype([("resource", np.ubyte, 1)])
/home/abhimanyu8713/anaconda3/envs/manipulator_RL/lib/python3.6/site-packages/tensorflow/python/framework/dtypes.py:525: FutureWarning: Passing (type, 1) or '1type' as a synonym of type is deprecated; in a future version of numpy, it will be understood as (type, (1,)) / '(1,)type'.
  np_resource = np.dtype([("resource", np.ubyte, 1)])
/home/abhimanyu8713/anaconda3/envs/manipulator_RL/lib/python3.6/site-packages/tensorflow/python/framework/dtypes.py:516: FutureWarning: Passing (type, 1) or '1type' as a synonym of type is deprecated; in a future version of numpy, it will be understood as (type, (1,)) / '(1,)type'.
  _np_qint8 = np.dtype([("qint8", np.int8, 1)])
/home/abhimanyu8713/anaconda3/envs/manipulator_RL/lib/python3.6/site-packages/tensorflow/python/framework/dtypes.py:517: FutureWarning: Passing (type, 1) or '1type' as a synonym of type is deprecated; in a future version of numpy, it will be understood as (type, (1,)) / '(1,)type'.
  _np_quint8 = np.dtype([("quint8", np.uint8, 1)])
/home/abhimanyu8713/anaconda3/envs/manipulator_RL/lib/python3.6/site-packages/tensorflow/python/framework/dtypes.py:518: FutureWarning: Passing (type, 1) or '1type' as a synonym of type is deprecated; in a future version of numpy, it will be understood as (type, (1,)) / '(1,)type'.
  _np_qint16 = np.dtype([("qint16", np.int16, 1)])
/home/abhimanyu8713/anaconda3/envs/manipulator_RL/lib/python3.6/site-packages/tensorflow/python/framework/dtypes.py:519: FutureWarning: Passing (type, 1) or '1type' as a synonym of type is deprecated; in a future version of numpy, it will be understood as (type, (1,)) / '(1,)type'.
  _np_quint16 = np.dtype([("quint16", np.uint16, 1)])
/home/abhimanyu8713/anaconda3/envs/manipulator_RL/lib/python3.6/site-packages/tensorflow/python/framework/dtypes.py:520: FutureWarning: Passing (type, 1) or '1type' as a synonym of type is deprecated; in a future version of numpy, it will be understood as (type, (1,)) / '(1,)type'.
  _np_qint32 = np.dtype([("qint32", np.int32, 1)])
/home/abhimanyu8713/anaconda3/envs/manipulator_RL/lib/python3.6/site-packages/tensorflow/python/framework/dtypes.py:525: FutureWarning: Passing (type, 1) or '1type' as a synonym of type is deprecated; in a future version of numpy, it will be understood as (type, (1,)) / '(1,)type'.
  np_resource = np.dtype([("resource", np.ubyte, 1)])
/home/abhimanyu8713/anaconda3/envs/manipulator_RL/lib/python3.6/site-packages/tensorflow/python/framework/dtypes.py:516: FutureWarning: Passing (type, 1) or '1type' as a synonym of type is deprecated; in a future version of numpy, it will be understood as (type, (1,)) / '(1,)type'.
  _np_qint8 = np.dtype([("qint8", np.int8, 1)])
/home/abhimanyu8713/anaconda3/envs/manipulator_RL/lib/python3.6/site-packages/tensorflow/python/framework/dtypes.py:517: FutureWarning: Passing (type, 1) or '1type' as a synonym of type is deprecated; in a future version of numpy, it will be understood as (type, (1,)) / '(1,)type'.
  _np_quint8 = np.dtype([("quint8", np.uint8, 1)])
/home/abhimanyu8713/anaconda3/envs/manipulator_RL/lib/python3.6/site-packages/tensorflow/python/framework/dtypes.py:518: FutureWarning: Passing (type, 1) or '1type' as a synonym of type is deprecated; in a future version of numpy, it will be understood as (type, (1,)) / '(1,)type'.
  _np_qint16 = np.dtype([("qint16", np.int16, 1)])
/home/abhimanyu8713/anaconda3/envs/manipulator_RL/lib/python3.6/site-packages/tensorflow/python/framework/dtypes.py:519: FutureWarning: Passing (type, 1) or '1type' as a synonym of type is deprecated; in a future version of numpy, it will be understood as (type, (1,)) / '(1,)type'.
  _np_quint16 = np.dtype([("quint16", np.uint16, 1)])
/home/abhimanyu8713/anaconda3/envs/manipulator_RL/lib/python3.6/site-packages/tensorflow/python/framework/dtypes.py:520: FutureWarning: Passing (type, 1) or '1type' as a synonym of type is deprecated; in a future version of numpy, it will be understood as (type, (1,)) / '(1,)type'.
  _np_qint32 = np.dtype([("qint32", np.int32, 1)])
/home/abhimanyu8713/anaconda3/envs/manipulator_RL/lib/python3.6/site-packages/tensorflow/python/framework/dtypes.py:525: FutureWarning: Passing (type, 1) or '1type' as a synonym of type is deprecated; in a future version of numpy, it will be understood as (type, (1,)) / '(1,)type'.
  np_resource = np.dtype([("resource", np.ubyte, 1)])
epoch: 0, cycles: 0 r_mpi: 0
epoch: 0, cycles: 0 r_mpi: 0
epoch: 0, cycles: 0 r_mpi: 0
epoch: 0, cycles: 0 r_mpi: 0
epoch: 0, cycles: 0 r_mpi: 1
epoch: 0, cycles: 0 r_mpi: 1
epoch: 0, cycles: 0 r_mpi: 1
epoch: 0, cycles: 0 r_mpi: 1
Updating the network
Updating the network
Updating the network
Updating the network
Traceback (most recent call last):
  File "train.py", line 326, in <module>
    launch(args,pick_place_env)
  File "train.py", line 306, in launch
    ddpg_trainer.learn()
  File "/home/abhimanyu8713/abhimanyu_research/apple_project/manipulator_research/robosuite/robosuite/HER+DDPG/hindsight-experience-replay/rl_modules/ddpg_agent.py", line 145, in learn
    self._update_network()
Traceback (most recent call last):
  File "/home/abhimanyu8713/abhimanyu_research/apple_project/manipulator_research/robosuite/robosuite/HER+DDPG/hindsight-experience-replay/rl_modules/ddpg_agent.py", line 283, in _update_network
    actor_loss.backward()
  File "/home/abhimanyu8713/anaconda3/envs/manipulator_RL/lib/python3.6/site-packages/torch/tensor.py", line 245, in backward
    torch.autograd.backward(self, gradient, retain_graph, create_graph, inputs=inputs)
  File "/home/abhimanyu8713/anaconda3/envs/manipulator_RL/lib/python3.6/site-packages/torch/autograd/__init__.py", line 147, in backward
    allow_unreachable=True, accumulate_grad=True)  # allow_unreachable flag
RuntimeError: CUDA error: CUBLAS_STATUS_ALLOC_FAILED when calling `cublasCreate(handle)`
Traceback (most recent call last):
Traceback (most recent call last):
  File "train.py", line 326, in <module>
    launch(args,pick_place_env)
  File "train.py", line 306, in launch
    ddpg_trainer.learn()

If you suspect this is an IPython 7.16.1 bug, please report it at:
    https://github.com/ipython/ipython/issues
or send an email to the mailing list at ipython-dev@python.org

You can print a more detailed traceback right now with "%tb", or use "%debug"
to interactively debug it.

Extra-detailed tracebacks for bug-reporting purposes can be enabled via:
    %config Application.verbose_crash=True

  File "/home/abhimanyu8713/abhimanyu_research/apple_project/manipulator_research/robosuite/robosuite/HER+DDPG/hindsight-experience-replay/rl_modules/ddpg_agent.py", line 145, in learn
    self._update_network()
  File "/home/abhimanyu8713/abhimanyu_research/apple_project/manipulator_research/robosuite/robosuite/HER+DDPG/hindsight-experience-replay/rl_modules/ddpg_agent.py", line 283, in _update_network
    actor_loss.backward()
  File "/home/abhimanyu8713/anaconda3/envs/manipulator_RL/lib/python3.6/site-packages/torch/tensor.py", line 245, in backward
    torch.autograd.backward(self, gradient, retain_graph, create_graph, inputs=inputs)
  File "/home/abhimanyu8713/anaconda3/envs/manipulator_RL/lib/python3.6/site-packages/torch/autograd/__init__.py", line 147, in backward
    allow_unreachable=True, accumulate_grad=True)  # allow_unreachable flag
  File "train.py", line 326, in <module>
    launch(args,pick_place_env)
  File "train.py", line 306, in launch
    ddpg_trainer.learn()
RuntimeError: CUDA error: CUBLAS_STATUS_ALLOC_FAILED when calling `cublasCreate(handle)`
  File "/home/abhimanyu8713/abhimanyu_research/apple_project/manipulator_research/robosuite/robosuite/HER+DDPG/hindsight-experience-replay/rl_modules/ddpg_agent.py", line 145, in learn
    self._update_network()
  File "/home/abhimanyu8713/abhimanyu_research/apple_project/manipulator_research/robosuite/robosuite/HER+DDPG/hindsight-experience-replay/rl_modules/ddpg_agent.py", line 283, in _update_network
    actor_loss.backward()
  File "train.py", line 326, in <module>
    launch(args,pick_place_env)
  File "train.py", line 306, in launch
    ddpg_trainer.learn()
  File "/home/abhimanyu8713/abhimanyu_research/apple_project/manipulator_research/robosuite/robosuite/HER+DDPG/hindsight-experience-replay/rl_modules/ddpg_agent.py", line 145, in learn
    self._update_network()
  File "/home/abhimanyu8713/anaconda3/envs/manipulator_RL/lib/python3.6/site-packages/torch/tensor.py", line 245, in backward
    torch.autograd.backward(self, gradient, retain_graph, create_graph, inputs=inputs)
  File "/home/abhimanyu8713/anaconda3/envs/manipulator_RL/lib/python3.6/site-packages/torch/autograd/__init__.py", line 147, in backward
    allow_unreachable=True, accumulate_grad=True)  # allow_unreachable flag
  File "/home/abhimanyu8713/abhimanyu_research/apple_project/manipulator_research/robosuite/robosuite/HER+DDPG/hindsight-experience-replay/rl_modules/ddpg_agent.py", line 283, in _update_network
    actor_loss.backward()
  File "/home/abhimanyu8713/anaconda3/envs/manipulator_RL/lib/python3.6/site-packages/torch/tensor.py", line 245, in backward
    torch.autograd.backward(self, gradient, retain_graph, create_graph, inputs=inputs)

If you suspect this is an IPython 7.16.1 bug, please report it at:
    https://github.com/ipython/ipython/issues
or send an email to the mailing list at ipython-dev@python.org

You can print a more detailed traceback right now with "%tb", or use "%debug"
to interactively debug it.

Extra-detailed tracebacks for bug-reporting purposes can be enabled via:
    %config Application.verbose_crash=True

  File "/home/abhimanyu8713/anaconda3/envs/manipulator_RL/lib/python3.6/site-packages/torch/autograd/__init__.py", line 147, in backward
    allow_unreachable=True, accumulate_grad=True)  # allow_unreachable flag
RuntimeError: CUDA error: CUBLAS_STATUS_ALLOC_FAILED when calling `cublasCreate(handle)`
RuntimeError: CUDA error: CUBLAS_STATUS_ALLOC_FAILED when calling `cublasCreate(handle)`

If you suspect this is an IPython 7.16.1 bug, please report it at:
    https://github.com/ipython/ipython/issues
or send an email to the mailing list at ipython-dev@python.org

You can print a more detailed traceback right now with "%tb", or use "%debug"
to interactively debug it.

Extra-detailed tracebacks for bug-reporting purposes can be enabled via:
    %config Application.verbose_crash=True


If you suspect this is an IPython 7.16.1 bug, please report it at:
    https://github.com/ipython/ipython/issues
or send an email to the mailing list at ipython-dev@python.org

You can print a more detailed traceback right now with "%tb", or use "%debug"
to interactively debug it.

Extra-detailed tracebacks for bug-reporting purposes can be enabled via:
    %config Application.verbose_crash=True

-------------------------------------------------------
Primary job  terminated normally, but 1 process returned
a non-zero exit code.. Per user-direction, the job has been aborted.
-------------------------------------------------------
--------------------------------------------------------------------------
mpirun detected that one or more processes exited with non-zero status, thus causing
the job to be terminated. The first process to do so was:

  Process name: [[3900,1],3]
  Exit code:    1
--------------------------------------------------------------------------
